WARNING:root:Limited tf.compat.v2.summary API due to missing TensorBoard installation.
WARNING:root:Limited tf.compat.v2.summary API due to missing TensorBoard installation.
WARNING:root:Limited tf.compat.v2.summary API due to missing TensorBoard installation.
WARNING:root:Limited tf.summary API due to missing TensorBoard installation.
WARNING:root:Limited tf.compat.v2.summary API due to missing TensorBoard installation.
WARNING:root:Limited tf.compat.v2.summary API due to missing TensorBoard installation.
WARNING:root:Limited tf.compat.v2.summary API due to missing TensorBoard installation.
WARNING:tensorflow:From /usr/lib/python3.8/site-packages/tensorflow/python/compat/v2_compat.py:96: disable_resource_variables (from tensorflow.python.ops.variable_scope) is deprecated and will be removed in a future version.
Instructions for updating:
non-resource variables are not supported in the long term
WARNING:tensorflow:From /usr/lib/python3.8/site-packages/tensorflow/python/compat/v2_compat.py:96: disable_resource_variables (from tensorflow.python.ops.variable_scope) is deprecated and will be removed in a future version.
Instructions for updating:
non-resource variables are not supported in the long term
WARNING:tensorflow:From /home/exynos/Adversarial-Neural-Cryptography/net.py:27: dense (from tensorflow.python.layers.core) is deprecated and will be removed in a future version.
Instructions for updating:
Use keras.layers.Dense instead.
WARNING:tensorflow:From /home/exynos/Adversarial-Neural-Cryptography/net.py:27: dense (from tensorflow.python.layers.core) is deprecated and will be removed in a future version.
Instructions for updating:
Use keras.layers.Dense instead.
WARNING:tensorflow:From /usr/lib/python3.8/site-packages/tensorflow/python/layers/core.py:187: Layer.apply (from tensorflow.python.keras.engine.base_layer_v1) is deprecated and will be removed in a future version.
Instructions for updating:
Please use `layer.__call__` method instead.
WARNING:tensorflow:From /usr/lib/python3.8/site-packages/tensorflow/python/layers/core.py:187: Layer.apply (from tensorflow.python.keras.engine.base_layer_v1) is deprecated and will be removed in a future version.
Instructions for updating:
Please use `layer.__call__` method instead.
WARNING:tensorflow:From /home/exynos/Adversarial-Neural-Cryptography/net.py:8: conv1d (from tensorflow.python.layers.convolutional) is deprecated and will be removed in a future version.
Instructions for updating:
Use `tf.keras.layers.Conv1D` instead.
WARNING:tensorflow:From /home/exynos/Adversarial-Neural-Cryptography/net.py:8: conv1d (from tensorflow.python.layers.convolutional) is deprecated and will be removed in a future version.
Instructions for updating:
Use `tf.keras.layers.Conv1D` instead.
2020-08-11 18:21:43.685775: I tensorflow/core/platform/cpu_feature_guard.cc:143] Your CPU supports instructions that this TensorFlow binary was not compiled to use: SSE3 SSE4.1 SSE4.2 AVX AVX2 FMA
2020-08-11 18:21:43.690790: I tensorflow/core/platform/profile_utils/cpu_utils.cc:102] CPU Frequency: 2901210000 Hz
2020-08-11 18:21:43.691043: I tensorflow/compiler/xla/service/service.cc:168] XLA service 0x559918c04bd0 initialized for platform Host (this does not guarantee that XLA will be used). Devices:
2020-08-11 18:21:43.691067: I tensorflow/compiler/xla/service/service.cc:176]   StreamExecutor device (0): Host, Default Version
2020-08-11 18:21:43.691160: I tensorflow/core/common_runtime/process_util.cc:147] Creating new thread pool with default inter op setting: 2. Tune using inter_op_parallelism_threads for best performance.

Iteration: 0
        Training Alice and Bob for 20 iterations...
        Training Eve for 40 iterations...
        Eve error: 0.5031 | Bob error: 0.5037 | Time: 9.40s

Iteration: 1
        Training Alice and Bob for 20 iterations...
        Training Eve for 40 iterations...
        Eve error: 0.4961 | Bob error: 0.4945 | Time: 6.22s

Iteration: 2
        Training Alice and Bob for 20 iterations...
        Training Eve for 40 iterations...
        Eve error: 0.5083 | Bob error: 0.5089 | Time: 7.22s

Iteration: 3
        Training Alice and Bob for 20 iterations...
        Training Eve for 40 iterations...


        Eve error: 0.4977 | Bob error: 0.4974 | Time: 10.63s

Iteration: 4
        Training Alice and Bob for 20 iterations...
        Training Eve for 40 iterations...
        Eve error: 0.4991 | Bob error: 0.4989 | Time: 9.99s

Iteration: 5
        Training Alice and Bob for 20 iterations...
        Training Eve for 40 iterations...
        Eve error: 0.4992 | Bob error: 0.4991 | Time: 8.01s

Iteration: 6
        Training Alice and Bob for 20 iterations...
        Training Eve for 40 iterations...
        Eve error: 0.4970 | Bob error: 0.4959 | Time: 12.60s

Iteration: 7
        Training Alice and Bob for 20 iterations...
        Training Eve for 40 iterations...
        Eve error: 0.4999 | Bob error: 0.4999 | Time: 12.45s

Iteration: 8
        Training Alice and Bob for 20 iterations...
        Training Eve for 40 iterations...
        Eve error: 0.4983 | Bob error: 0.4975 | Time: 7.54s

Iteration: 9
        Training Alice and Bob for 20 iterations...
        Training Eve for 40 iterations...
        Eve error: 0.4990 | Bob error: 0.4985 | Time: 9.69s

Iteration: 10
        Training Alice and Bob for 20 iterations...
        Training Eve for 40 iterations...
        Eve error: 0.4984 | Bob error: 0.4977 | Time: 9.00s

Iteration: 11
        Training Alice and Bob for 20 iterations...
        Training Eve for 40 iterations...
        Eve error: 0.4960 | Bob error: 0.4936 | Time: 9.20s

Iteration: 12
        Training Alice and Bob for 20 iterations...
        Training Eve for 40 iterations...
        Eve error: 0.4996 | Bob error: 0.4993 | Time: 10.14s

Iteration: 13
        Training Alice and Bob for 20 iterations...
        Training Eve for 40 iterations...
        Eve error: 0.5021 | Bob error: 0.5034 | Time: 9.41s

Iteration: 14
        Training Alice and Bob for 20 iterations...
        Training Eve for 40 iterations...



        Eve error: 0.4957 | Bob error: 0.4930 | Time: 9.16s

Iteration: 15
        Training Alice and Bob for 20 iterations...
        Training Eve for 40 iterations...
        Eve error: 0.4995 | Bob error: 0.4991 | Time: 8.82s

Iteration: 16
        Training Alice and Bob for 20 iterations...
        Training Eve for 40 iterations...
        Eve error: 0.4965 | Bob error: 0.4941 | Time: 10.27s

Iteration: 17
        Training Alice and Bob for 20 iterations...
        Training Eve for 40 iterations...
        Eve error: 0.4933 | Bob error: 0.4886 | Time: 11.06s

Iteration: 18
        Training Alice and Bob for 20 iterations...
        Training Eve for 40 iterations...
        Eve error: 0.5018 | Bob error: 0.5031 | Time: 10.23s

Iteration: 19
        Training Alice and Bob for 20 iterations...
        Training Eve for 40 iterations...
        Eve error: 0.5001 | Bob error: 0.5002 | Time: 8.74s

Iteration: 20
        Training Alice and Bob for 20 iterations...
        Training Eve for 40 iterations...
        Eve error: 0.4958 | Bob error: 0.4928 | Time: 6.69s

Iteration: 21
        Training Alice and Bob for 20 iterations...
        Training Eve for 40 iterations...
        Eve error: 0.5038 | Bob error: 0.5065 | Time: 9.21s

Iteration: 22
        Training Alice and Bob for 20 iterations...
        Training Eve for 40 iterations...
        Eve error: 0.4992 | Bob error: 0.4987 | Time: 6.94s

Iteration: 23
        Training Alice and Bob for 20 iterations...
        Training Eve for 40 iterations...
        Eve error: 0.4952 | Bob error: 0.4917 | Time: 7.24s

Iteration: 24
        Training Alice and Bob for 20 iterations...
        Training Eve for 40 iterations...
        Eve error: 0.5012 | Bob error: 0.5020 | Time: 6.63s

Iteration: 25
        Training Alice and Bob for 20 iterations...
        Training Eve for 40 iterations...
        Eve error: 0.5035 | Bob error: 0.5060 | Time: 6.64s

Iteration: 26
        Training Alice and Bob for 20 iterations...
        Training Eve for 40 iterations...
        Eve error: 0.5040 | Bob error: 0.5068 | Time: 6.94s

Iteration: 27
        Training Alice and Bob for 20 iterations...
        Training Eve for 40 iterations...
        Eve error: 0.5064 | Bob error: 0.5104 | Time: 9.05s

Iteration: 28
        Training Alice and Bob for 20 iterations...
        Training Eve for 40 iterations...
        Eve error: 0.5005 | Bob error: 0.5008 | Time: 7.85s

Iteration: 29
        Training Alice and Bob for 20 iterations...
        Training Eve for 40 iterations...
        Eve error: 0.4994 | Bob error: 0.4991 | Time: 6.79s

Iteration: 30
        Training Alice and Bob for 20 iterations...
        Training Eve for 40 iterations...
        Eve error: 0.4997 | Bob error: 0.4994 | Time: 9.26s

Iteration: 31
        Training Alice and Bob for 20 iterations...
        Training Eve for 40 iterations...
        Eve error: 0.5026 | Bob error: 0.5040 | Time: 13.40s

Iteration: 32
        Training Alice and Bob for 20 iterations...
        Training Eve for 40 iterations...
        Eve error: 0.5002 | Bob error: 0.5003 | Time: 7.22s

Iteration: 33
        Training Alice and Bob for 20 iterations...
        Training Eve for 40 iterations...
        Eve error: 0.4987 | Bob error: 0.4980 | Time: 8.66s

Iteration: 34
        Training Alice and Bob for 20 iterations...
        Training Eve for 40 iterations...
        Eve error: 0.4964 | Bob error: 0.4941 | Time: 7.64s

Iteration: 35
        Training Alice and Bob for 20 iterations...
        Training Eve for 40 iterations...
        Eve error: 0.4974 | Bob error: 0.4956 | Time: 8.70s

Iteration: 36
        Training Alice and Bob for 20 iterations...
        Training Eve for 40 iterations...
        Eve error: 0.4974 | Bob error: 0.4956 | Time: 10.58s

Iteration: 37
        Training Alice and Bob for 20 iterations...
        Training Eve for 40 iterations...
        Eve error: 0.4990 | Bob error: 0.4983 | Time: 11.25s

Iteration: 38
        Training Alice and Bob for 20 iterations...
        Training Eve for 40 iterations...
        Eve error: 0.4987 | Bob error: 0.4977 | Time: 9.65s

Iteration: 39
        Training Alice and Bob for 20 iterations...
        Training Eve for 40 iterations...
        Eve error: 0.4997 | Bob error: 0.4995 | Time: 9.34s

Iteration: 40
        Training Alice and Bob for 20 iterations...
        Training Eve for 40 iterations...
        Eve error: 0.5017 | Bob error: 0.5030 | Time: 10.21s

Iteration: 41
        Training Alice and Bob for 20 iterations...
        Training Eve for 40 iterations...
        Eve error: 0.5030 | Bob error: 0.5050 | Time: 9.89s

Iteration: 42
        Training Alice and Bob for 20 iterations...
        Training Eve for 40 iterations...


        Eve error: 0.4951 | Bob error: 0.4917 | Time: 9.70s

Iteration: 43
        Training Alice and Bob for 20 iterations...
        Training Eve for 40 iterations...
        Eve error: 0.4977 | Bob error: 0.4961 | Time: 10.43s

Iteration: 44
        Training Alice and Bob for 20 iterations...
        Training Eve for 40 iterations...
        Eve error: 0.5028 | Bob error: 0.5049 | Time: 11.42s

Iteration: 45
        Training Alice and Bob for 20 iterations...
        Training Eve for 40 iterations...
        Eve error: 0.4991 | Bob error: 0.4985 | Time: 8.99s

Iteration: 46
        Training Alice and Bob for 20 iterations...
        Training Eve for 40 iterations...
        Eve error: 0.4975 | Bob error: 0.4957 | Time: 7.60s

Iteration: 47
        Training Alice and Bob for 20 iterations...
        Training Eve for 40 iterations...
        Eve error: 0.4965 | Bob error: 0.4939 | Time: 6.63s

Iteration: 48
        Training Alice and Bob for 20 iterations...
        Training Eve for 40 iterations...
        Eve error: 0.4985 | Bob error: 0.4974 | Time: 7.00s

Iteration: 49
        Training Alice and Bob for 20 iterations...
        Training Eve for 40 iterations...
        Eve error: 0.4978 | Bob error: 0.4962 | Time: 7.26s

Iteration: 50
        Training Alice and Bob for 20 iterations...
        Training Eve for 40 iterations...
        Eve error: 0.4983 | Bob error: 0.4970 | Time: 11.29s

Iteration: 51
        Training Alice and Bob for 20 iterations...
        Training Eve for 40 iterations...
        Eve error: 0.4968 | Bob error: 0.4943 | Time: 8.22s

Iteration: 52
        Training Alice and Bob for 20 iterations...
        Training Eve for 40 iterations...
        Eve error: 0.4966 | Bob error: 0.4941 | Time: 13.11s

Iteration: 53
        Training Alice and Bob for 20 iterations...
        Training Eve for 40 iterations...
        Eve error: 0.4970 | Bob error: 0.4948 | Time: 9.73s

Iteration: 54
        Training Alice and Bob for 20 iterations...
        Training Eve for 40 iterations...
        Eve error: 0.5021 | Bob error: 0.5036 | Time: 10.30s

Iteration: 55
        Training Alice and Bob for 20 iterations...
        Training Eve for 40 iterations...
        Eve error: 0.4982 | Bob error: 0.4969 | Time: 9.42s

Iteration: 56
        Training Alice and Bob for 20 iterations...
        Training Eve for 40 iterations...
        Eve error: 0.5029 | Bob error: 0.5051 | Time: 10.42s

Iteration: 57
        Training Alice and Bob for 20 iterations...
        Training Eve for 40 iterations...
        Eve error: 0.4953 | Bob error: 0.4917 | Time: 10.85s

Iteration: 58
        Training Alice and Bob for 20 iterations...
        Training Eve for 40 iterations...
        Eve error: 0.4982 | Bob error: 0.4969 | Time: 9.35s

Iteration: 59
        Training Alice and Bob for 20 iterations...
        Training Eve for 40 iterations...
        Eve error: 0.4981 | Bob error: 0.4966 | Time: 9.69s

Iteration: 60
        Training Alice and Bob for 20 iterations...
        Training Eve for 40 iterations...
        Eve error: 0.4950 | Bob error: 0.4913 | Time: 11.78s

Iteration: 61
        Training Alice and Bob for 20 iterations...
        Training Eve for 40 iterations...
        Eve error: 0.5061 | Bob error: 0.5107 | Time: 6.65s

Iteration: 62
        Training Alice and Bob for 20 iterations...
        Training Eve for 40 iterations...
        Eve error: 0.5026 | Bob error: 0.5046 | Time: 8.19s

Iteration: 63
        Training Alice and Bob for 20 iterations...
        Training Eve for 40 iterations...
        Eve error: 0.5009 | Bob error: 0.5016 | Time: 8.45s

Iteration: 64
        Training Alice and Bob for 20 iterations...
        Training Eve for 40 iterations...
        Eve error: 0.4985 | Bob error: 0.4973 | Time: 8.04s

Iteration: 65
        Training Alice and Bob for 20 iterations...
        Training Eve for 40 iterations...
        Eve error: 0.5024 | Bob error: 0.5041 | Time: 7.82s

Iteration: 66
        Training Alice and Bob for 20 iterations...
        Training Eve for 40 iterations...
        Eve error: 0.4955 | Bob error: 0.4921 | Time: 7.75s

Iteration: 67
        Training Alice and Bob for 20 iterations...
        Training Eve for 40 iterations...
        Eve error: 0.4999 | Bob error: 0.4999 | Time: 6.38s

Iteration: 68
        Training Alice and Bob for 20 iterations...
        Training Eve for 40 iterations...
        Eve error: 0.4971 | Bob error: 0.4949 | Time: 7.21s

Iteration: 69
        Training Alice and Bob for 20 iterations...
        Training Eve for 40 iterations...
        Eve error: 0.5026 | Bob error: 0.5046 | Time: 8.99s

Iteration: 70
        Training Alice and Bob for 20 iterations...
        Training Eve for 40 iterations...
        Eve error: 0.4971 | Bob error: 0.4949 | Time: 6.80s

Iteration: 71
        Training Alice and Bob for 20 iterations...
        Training Eve for 40 iterations...
        Eve error: 0.5004 | Bob error: 0.5007 | Time: 7.15s

Iteration: 72
        Training Alice and Bob for 20 iterations...
        Training Eve for 40 iterations...
        Eve error: 0.4995 | Bob error: 0.4992 | Time: 7.54s

Iteration: 73
        Training Alice and Bob for 20 iterations...
        Training Eve for 40 iterations...
        Eve error: 0.4961 | Bob error: 0.4932 | Time: 10.81s

Iteration: 74
        Training Alice and Bob for 20 iterations...
        Training Eve for 40 iterations...
        Eve error: 0.4989 | Bob error: 0.4981 | Time: 11.33s

Iteration: 75
        Training Alice and Bob for 20 iterations...
        Training Eve for 40 iterations...
        Eve error: 0.4988 | Bob error: 0.4979 | Time: 7.71s

Iteration: 76
        Training Alice and Bob for 20 iterations...
        Training Eve for 40 iterations...
        Eve error: 0.4921 | Bob error: 0.4861 | Time: 8.41s

Iteration: 77
        Training Alice and Bob for 20 iterations...
        Training Eve for 40 iterations...
        Eve error: 0.5018 | Bob error: 0.5032 | Time: 8.99s

Iteration: 78
        Training Alice and Bob for 20 iterations...
        Training Eve for 40 iterations...
        Eve error: 0.5004 | Bob error: 0.5007 | Time: 6.40s

Iteration: 79
        Training Alice and Bob for 20 iterations...
        Training Eve for 40 iterations...
        Eve error: 0.4926 | Bob error: 0.4870 | Time: 5.59s

Iteration: 80
        Training Alice and Bob for 20 iterations...
        Training Eve for 40 iterations...
        Eve error: 0.5013 | Bob error: 0.5023 | Time: 6.93s

Iteration: 81
        Training Alice and Bob for 20 iterations...
        Training Eve for 40 iterations...
        Eve error: 0.5026 | Bob error: 0.5046 | Time: 6.59s

Iteration: 82
        Training Alice and Bob for 20 iterations...
        Training Eve for 40 iterations...
        Eve error: 0.5015 | Bob error: 0.5026 | Time: 10.15s

Iteration: 83
        Training Alice and Bob for 20 iterations...
        Training Eve for 40 iterations...
        Eve error: 0.4979 | Bob error: 0.4964 | Time: 12.16s

Iteration: 84
        Training Alice and Bob for 20 iterations...
        Training Eve for 40 iterations...
        Eve error: 0.4968 | Bob error: 0.4943 | Time: 8.21s

Iteration: 85
        Training Alice and Bob for 20 iterations...
        Training Eve for 40 iterations...
        Eve error: 0.4990 | Bob error: 0.4983 | Time: 8.87s

Iteration: 86
        Training Alice and Bob for 20 iterations...
        Training Eve for 40 iterations...
        Eve error: 0.5013 | Bob error: 0.5023 | Time: 6.54s

Iteration: 87
        Training Alice and Bob for 20 iterations...
        Training Eve for 40 iterations...
        Eve error: 0.5021 | Bob error: 0.5037 | Time: 7.98s

Iteration: 88
        Training Alice and Bob for 20 iterations...
        Training Eve for 40 iterations...
        Eve error: 0.4969 | Bob error: 0.4945 | Time: 12.09s

Iteration: 89
        Training Alice and Bob for 20 iterations...
        Training Eve for 40 iterations...
        Eve error: 0.5053 | Bob error: 0.5094 | Time: 11.19s

Iteration: 90
        Training Alice and Bob for 20 iterations...
        Training Eve for 40 iterations...
        Eve error: 0.5028 | Bob error: 0.5049 | Time: 10.64s

Iteration: 91
        Training Alice and Bob for 20 iterations...
        Training Eve for 40 iterations...
        Eve error: 0.4977 | Bob error: 0.4960 | Time: 12.76s

Iteration: 92
        Training Alice and Bob for 20 iterations...
        Training Eve for 40 iterations...
        Eve error: 0.5045 | Bob error: 0.5079 | Time: 10.10s

Iteration: 93
        Training Alice and Bob for 20 iterations...
        Training Eve for 40 iterations...
        Eve error: 0.5012 | Bob error: 0.5022 | Time: 8.02s

Iteration: 94
        Training Alice and Bob for 20 iterations...
        Training Eve for 40 iterations...
        Eve error: 0.4985 | Bob error: 0.4975 | Time: 6.34s

Iteration: 95
        Training Alice and Bob for 20 iterations...
        Training Eve for 40 iterations...
        Eve error: 0.4977 | Bob error: 0.4960 | Time: 8.56s

Iteration: 96
        Training Alice and Bob for 20 iterations...
        Training Eve for 40 iterations...


        Eve error: 0.5021 | Bob error: 0.5038 | Time: 8.39s

Iteration: 97
        Training Alice and Bob for 20 iterations...
        Training Eve for 40 iterations...
        Eve error: 0.5032 | Bob error: 0.5056 | Time: 7.24s

Iteration: 98
        Training Alice and Bob for 20 iterations...
        Training Eve for 40 iterations...
        Eve error: 0.5027 | Bob error: 0.5046 | Time: 7.52s

Iteration: 99
        Training Alice and Bob for 20 iterations...
        Training Eve for 40 iterations...
        Eve error: 0.5014 | Bob error: 0.5024 | Time: 6.90s